[0.096s] DEBUG:colcon:Command line arguments: ['/usr/bin/colcon', 'list', '-p', '--base-paths', '/home/ydimitri/docker-tutorials/progressive-robotics-assessment']
[0.096s] DEBUG:colcon:Parsed command line arguments: Namespace(log_base=None, log_level=None, verb_name='list', build_base='build', ignore_user_meta=False, metas=['./colcon.meta'], base_paths=['/home/ydimitri/docker-tutorials/progressive-robotics-assessment'], packages_ignore=None, packages_ignore_regex=None, paths=None, packages_up_to=None, packages_up_to_regex=None, packages_above=None, packages_above_and_dependencies=None, packages_above_depth=None, packages_select_by_dep=None, packages_skip_by_dep=None, packages_skip_up_to=None, packages_select_build_failed=False, packages_skip_build_finished=False, packages_select_test_failures=False, packages_skip_test_passed=False, packages_select=None, packages_skip=None, packages_select_regex=None, packages_skip_regex=None, packages_start=None, packages_end=None, allow_overriding=[], topological_order=False, names_only=False, paths_only=True, topological_graph=False, topological_graph_dot=False, topological_graph_density=False, topological_graph_legend=False, topological_graph_dot_cluster=False, topological_graph_dot_include_skipped=False, mixin_files=None, mixin=None, verb_parser=<colcon_mixin.mixin.mixin_argument.MixinArgumentDecorator object at 0x74fc27666e00>, verb_extension=<colcon_package_information.verb.list.ListVerb object at 0x74fc27665de0>, main=<bound method ListVerb.main of <colcon_package_information.verb.list.ListVerb object at 0x74fc27665de0>>, mixin_verb=('list',))
[0.264s] Level 1:colcon.colcon_core.package_discovery:discover_packages(colcon_meta) check parameters
[0.264s] Level 1:colcon.colcon_core.package_discovery:discover_packages(recursive) check parameters
[0.264s] Level 1:colcon.colcon_core.package_discovery:discover_packages(ignore) check parameters
[0.264s] Level 1:colcon.colcon_core.package_discovery:discover_packages(path) check parameters
[0.264s] Level 1:colcon.colcon_core.package_discovery:discover_packages(recursive) discover
[0.264s] INFO:colcon.colcon_core.package_discovery:Crawling recursively for packages in '/home/ydimitri/docker-tutorials/progressive-robotics-assessment'
[0.264s] Level 1:colcon.colcon_core.package_identification:_identify(/home/ydimitri/docker-tutorials/progressive-robotics-assessment) by extensions ['ignore', 'ignore_ament_install']
[0.265s] Level 1:colcon.colcon_core.package_identification:_identify(/home/ydimitri/docker-tutorials/progressive-robotics-assessment) by extension 'ignore'
[0.265s] Level 1:colcon.colcon_core.package_identification:_identify(/home/ydimitri/docker-tutorials/progressive-robotics-assessment) by extension 'ignore_ament_install'
[0.265s] Level 1:colcon.colcon_core.package_identification:_identify(/home/ydimitri/docker-tutorials/progressive-robotics-assessment) by extensions ['colcon_pkg']
[0.265s] Level 1:colcon.colcon_core.package_identification:_identify(/home/ydimitri/docker-tutorials/progressive-robotics-assessment) by extension 'colcon_pkg'
[0.265s] Level 1:colcon.colcon_core.package_identification:_identify(/home/ydimitri/docker-tutorials/progressive-robotics-assessment) by extensions ['colcon_meta']
[0.265s] Level 1:colcon.colcon_core.package_identification:_identify(/home/ydimitri/docker-tutorials/progressive-robotics-assessment) by extension 'colcon_meta'
[0.265s] Level 1:colcon.colcon_core.package_identification:_identify(/home/ydimitri/docker-tutorials/progressive-robotics-assessment) by extensions ['ros']
[0.265s] Level 1:colcon.colcon_core.package_identification:_identify(/home/ydimitri/docker-tutorials/progressive-robotics-assessment) by extension 'ros'
[0.275s] Level 1:colcon.colcon_core.package_identification:_identify(/home/ydimitri/docker-tutorials/progressive-robotics-assessment) by extensions ['cmake', 'python']
[0.276s] Level 1:colcon.colcon_core.package_identification:_identify(/home/ydimitri/docker-tutorials/progressive-robotics-assessment) by extension 'cmake'
[0.276s] Level 1:colcon.colcon_core.package_identification:_identify(/home/ydimitri/docker-tutorials/progressive-robotics-assessment) by extension 'python'
[0.276s] Level 1:colcon.colcon_core.package_identification:_identify(/home/ydimitri/docker-tutorials/progressive-robotics-assessment) by extensions ['python_setup_py']
[0.276s] Level 1:colcon.colcon_core.package_identification:_identify(/home/ydimitri/docker-tutorials/progressive-robotics-assessment) by extension 'python_setup_py'
[0.276s] Level 1:colcon.colcon_core.package_identification:_identify(/home/ydimitri/docker-tutorials/progressive-robotics-assessment/log) by extensions ['ignore', 'ignore_ament_install']
[0.276s] Level 1:colcon.colcon_core.package_identification:_identify(/home/ydimitri/docker-tutorials/progressive-robotics-assessment/log) by extension 'ignore'
[0.276s] Level 1:colcon.colcon_core.package_identification:_identify(/home/ydimitri/docker-tutorials/progressive-robotics-assessment/log) ignored
[0.276s] Level 1:colcon.colcon_core.package_identification:_identify(/home/ydimitri/docker-tutorials/progressive-robotics-assessment/src) by extensions ['ignore', 'ignore_ament_install']
[0.276s] Level 1:colcon.colcon_core.package_identification:_identify(/home/ydimitri/docker-tutorials/progressive-robotics-assessment/src) by extension 'ignore'
[0.277s] Level 1:colcon.colcon_core.package_identification:_identify(/home/ydimitri/docker-tutorials/progressive-robotics-assessment/src) by extension 'ignore_ament_install'
[0.277s] Level 1:colcon.colcon_core.package_identification:_identify(/home/ydimitri/docker-tutorials/progressive-robotics-assessment/src) by extensions ['colcon_pkg']
[0.277s] Level 1:colcon.colcon_core.package_identification:_identify(/home/ydimitri/docker-tutorials/progressive-robotics-assessment/src) by extension 'colcon_pkg'
[0.277s] Level 1:colcon.colcon_core.package_identification:_identify(/home/ydimitri/docker-tutorials/progressive-robotics-assessment/src) by extensions ['colcon_meta']
[0.277s] Level 1:colcon.colcon_core.package_identification:_identify(/home/ydimitri/docker-tutorials/progressive-robotics-assessment/src) by extension 'colcon_meta'
[0.277s] Level 1:colcon.colcon_core.package_identification:_identify(/home/ydimitri/docker-tutorials/progressive-robotics-assessment/src) by extensions ['ros']
[0.277s] Level 1:colcon.colcon_core.package_identification:_identify(/home/ydimitri/docker-tutorials/progressive-robotics-assessment/src) by extension 'ros'
[0.277s] Level 1:colcon.colcon_core.package_identification:_identify(/home/ydimitri/docker-tutorials/progressive-robotics-assessment/src) by extensions ['cmake', 'python']
[0.277s] Level 1:colcon.colcon_core.package_identification:_identify(/home/ydimitri/docker-tutorials/progressive-robotics-assessment/src) by extension 'cmake'
[0.277s] Level 1:colcon.colcon_core.package_identification:_identify(/home/ydimitri/docker-tutorials/progressive-robotics-assessment/src) by extension 'python'
[0.277s] Level 1:colcon.colcon_core.package_identification:_identify(/home/ydimitri/docker-tutorials/progressive-robotics-assessment/src) by extensions ['python_setup_py']
[0.277s] Level 1:colcon.colcon_core.package_identification:_identify(/home/ydimitri/docker-tutorials/progressive-robotics-assessment/src) by extension 'python_setup_py'
[0.277s] Level 1:colcon.colcon_core.package_identification:_identify(/home/ydimitri/docker-tutorials/progressive-robotics-assessment/src/linear_algebra_service) by extensions ['ignore', 'ignore_ament_install']
[0.277s] Level 1:colcon.colcon_core.package_identification:_identify(/home/ydimitri/docker-tutorials/progressive-robotics-assessment/src/linear_algebra_service) by extension 'ignore'
[0.277s] Level 1:colcon.colcon_core.package_identification:_identify(/home/ydimitri/docker-tutorials/progressive-robotics-assessment/src/linear_algebra_service) by extension 'ignore_ament_install'
[0.277s] Level 1:colcon.colcon_core.package_identification:_identify(/home/ydimitri/docker-tutorials/progressive-robotics-assessment/src/linear_algebra_service) by extensions ['colcon_pkg']
[0.277s] Level 1:colcon.colcon_core.package_identification:_identify(/home/ydimitri/docker-tutorials/progressive-robotics-assessment/src/linear_algebra_service) by extension 'colcon_pkg'
[0.277s] Level 1:colcon.colcon_core.package_identification:_identify(/home/ydimitri/docker-tutorials/progressive-robotics-assessment/src/linear_algebra_service) by extensions ['colcon_meta']
[0.277s] Level 1:colcon.colcon_core.package_identification:_identify(/home/ydimitri/docker-tutorials/progressive-robotics-assessment/src/linear_algebra_service) by extension 'colcon_meta'
[0.277s] Level 1:colcon.colcon_core.package_identification:_identify(/home/ydimitri/docker-tutorials/progressive-robotics-assessment/src/linear_algebra_service) by extensions ['ros']
[0.277s] Level 1:colcon.colcon_core.package_identification:_identify(/home/ydimitri/docker-tutorials/progressive-robotics-assessment/src/linear_algebra_service) by extension 'ros'
[0.277s] Level 1:colcon.colcon_core.package_identification:_identify(/home/ydimitri/docker-tutorials/progressive-robotics-assessment/src/linear_algebra_service) by extensions ['cmake', 'python']
[0.278s] Level 1:colcon.colcon_core.package_identification:_identify(/home/ydimitri/docker-tutorials/progressive-robotics-assessment/src/linear_algebra_service) by extension 'cmake'
[0.278s] Level 1:colcon.colcon_core.package_identification:_identify(/home/ydimitri/docker-tutorials/progressive-robotics-assessment/src/linear_algebra_service) by extension 'python'
[0.278s] Level 1:colcon.colcon_core.package_identification:_identify(/home/ydimitri/docker-tutorials/progressive-robotics-assessment/src/linear_algebra_service) by extensions ['python_setup_py']
[0.278s] Level 1:colcon.colcon_core.package_identification:_identify(/home/ydimitri/docker-tutorials/progressive-robotics-assessment/src/linear_algebra_service) by extension 'python_setup_py'
[0.278s] Level 1:colcon.colcon_core.package_identification:_identify(/home/ydimitri/docker-tutorials/progressive-robotics-assessment/src/linear_algebra_service/linear_algebra_common) by extensions ['ignore', 'ignore_ament_install']
[0.278s] Level 1:colcon.colcon_core.package_identification:_identify(/home/ydimitri/docker-tutorials/progressive-robotics-assessment/src/linear_algebra_service/linear_algebra_common) by extension 'ignore'
[0.278s] Level 1:colcon.colcon_core.package_identification:_identify(/home/ydimitri/docker-tutorials/progressive-robotics-assessment/src/linear_algebra_service/linear_algebra_common) by extension 'ignore_ament_install'
[0.278s] Level 1:colcon.colcon_core.package_identification:_identify(/home/ydimitri/docker-tutorials/progressive-robotics-assessment/src/linear_algebra_service/linear_algebra_common) by extensions ['colcon_pkg']
[0.278s] Level 1:colcon.colcon_core.package_identification:_identify(/home/ydimitri/docker-tutorials/progressive-robotics-assessment/src/linear_algebra_service/linear_algebra_common) by extension 'colcon_pkg'
[0.278s] Level 1:colcon.colcon_core.package_identification:_identify(/home/ydimitri/docker-tutorials/progressive-robotics-assessment/src/linear_algebra_service/linear_algebra_common) by extensions ['colcon_meta']
[0.278s] Level 1:colcon.colcon_core.package_identification:_identify(/home/ydimitri/docker-tutorials/progressive-robotics-assessment/src/linear_algebra_service/linear_algebra_common) by extension 'colcon_meta'
[0.278s] Level 1:colcon.colcon_core.package_identification:_identify(/home/ydimitri/docker-tutorials/progressive-robotics-assessment/src/linear_algebra_service/linear_algebra_common) by extensions ['ros']
[0.278s] Level 1:colcon.colcon_core.package_identification:_identify(/home/ydimitri/docker-tutorials/progressive-robotics-assessment/src/linear_algebra_service/linear_algebra_common) by extension 'ros'
[0.281s] DEBUG:colcon.colcon_core.package_identification:Package '/home/ydimitri/docker-tutorials/progressive-robotics-assessment/src/linear_algebra_service/linear_algebra_common' with type 'ros.ament_cmake' and name 'linear_algebra_common'
[0.281s] Level 1:colcon.colcon_core.package_identification:_identify(/home/ydimitri/docker-tutorials/progressive-robotics-assessment/src/linear_algebra_service/linear_algebra_resources) by extensions ['ignore', 'ignore_ament_install']
[0.282s] Level 1:colcon.colcon_core.package_identification:_identify(/home/ydimitri/docker-tutorials/progressive-robotics-assessment/src/linear_algebra_service/linear_algebra_resources) by extension 'ignore'
[0.282s] Level 1:colcon.colcon_core.package_identification:_identify(/home/ydimitri/docker-tutorials/progressive-robotics-assessment/src/linear_algebra_service/linear_algebra_resources) by extension 'ignore_ament_install'
[0.282s] Level 1:colcon.colcon_core.package_identification:_identify(/home/ydimitri/docker-tutorials/progressive-robotics-assessment/src/linear_algebra_service/linear_algebra_resources) by extensions ['colcon_pkg']
[0.282s] Level 1:colcon.colcon_core.package_identification:_identify(/home/ydimitri/docker-tutorials/progressive-robotics-assessment/src/linear_algebra_service/linear_algebra_resources) by extension 'colcon_pkg'
[0.282s] Level 1:colcon.colcon_core.package_identification:_identify(/home/ydimitri/docker-tutorials/progressive-robotics-assessment/src/linear_algebra_service/linear_algebra_resources) by extensions ['colcon_meta']
[0.282s] Level 1:colcon.colcon_core.package_identification:_identify(/home/ydimitri/docker-tutorials/progressive-robotics-assessment/src/linear_algebra_service/linear_algebra_resources) by extension 'colcon_meta'
[0.282s] Level 1:colcon.colcon_core.package_identification:_identify(/home/ydimitri/docker-tutorials/progressive-robotics-assessment/src/linear_algebra_service/linear_algebra_resources) by extensions ['ros']
[0.282s] Level 1:colcon.colcon_core.package_identification:_identify(/home/ydimitri/docker-tutorials/progressive-robotics-assessment/src/linear_algebra_service/linear_algebra_resources) by extension 'ros'
[0.283s] DEBUG:colcon.colcon_core.package_identification:Package '/home/ydimitri/docker-tutorials/progressive-robotics-assessment/src/linear_algebra_service/linear_algebra_resources' with type 'ros.ament_cmake' and name 'linear_algebra_resources'
[0.283s] Level 1:colcon.colcon_core.package_identification:_identify(/home/ydimitri/docker-tutorials/progressive-robotics-assessment/src/universal_robots) by extensions ['ignore', 'ignore_ament_install']
[0.283s] Level 1:colcon.colcon_core.package_identification:_identify(/home/ydimitri/docker-tutorials/progressive-robotics-assessment/src/universal_robots) by extension 'ignore'
[0.283s] Level 1:colcon.colcon_core.package_identification:_identify(/home/ydimitri/docker-tutorials/progressive-robotics-assessment/src/universal_robots) by extension 'ignore_ament_install'
[0.283s] Level 1:colcon.colcon_core.package_identification:_identify(/home/ydimitri/docker-tutorials/progressive-robotics-assessment/src/universal_robots) by extensions ['colcon_pkg']
[0.283s] Level 1:colcon.colcon_core.package_identification:_identify(/home/ydimitri/docker-tutorials/progressive-robotics-assessment/src/universal_robots) by extension 'colcon_pkg'
[0.283s] Level 1:colcon.colcon_core.package_identification:_identify(/home/ydimitri/docker-tutorials/progressive-robotics-assessment/src/universal_robots) by extensions ['colcon_meta']
[0.283s] Level 1:colcon.colcon_core.package_identification:_identify(/home/ydimitri/docker-tutorials/progressive-robotics-assessment/src/universal_robots) by extension 'colcon_meta'
[0.283s] Level 1:colcon.colcon_core.package_identification:_identify(/home/ydimitri/docker-tutorials/progressive-robotics-assessment/src/universal_robots) by extensions ['ros']
[0.283s] Level 1:colcon.colcon_core.package_identification:_identify(/home/ydimitri/docker-tutorials/progressive-robotics-assessment/src/universal_robots) by extension 'ros'
[0.284s] DEBUG:colcon.colcon_core.package_identification:Package '/home/ydimitri/docker-tutorials/progressive-robotics-assessment/src/universal_robots' with type 'ros.ament_cmake' and name 'ur_description'
[0.284s] Level 1:colcon.colcon_core.package_discovery:discover_packages(recursive) using defaults
